Added Pin To Net: NetName=CC1_IN Pin=Tp1-1
Added Pin To Net: NetName=CC2_IN Pin=Tp2-1
Added Pin To Net: NetName=NetF1_2 Pin=Tp3-1
Added Pin To Net: NetName=VBUS Pin=Tp4-1
Added Pin To Net: NetName=GND Pin=Tp5-1
Added Pin To Net: NetName=GND Pin=Tp6-1
Added Pin To Net: NetName=BAT Pin=Tp7-1
Added Pin To Net: NetName=GND Pin=Tp8-1
Added Pin To Net: NetName=CELL_4S Pin=Tp9-1
Added Pin To Net: NetName=CELL_3S Pin=Tp10-1
Added Pin To Net: NetName=CELL_2S Pin=Tp11-1
Added Pin To Net: NetName=CELL_1S Pin=Tp12-1
Added Pin To Net: NetName=VSYS Pin=Tp13-1
Added Pin To Net: NetName=ILIM_HIZ Pin=Tp14-1
Added Pin To Net: NetName=CMPIN Pin=Tp15-1
Added Pin To Net: NetName=CHRG_OK Pin=Tp18-1
Added Pin To Net: NetName=NetR33_1 Pin=Tp19-1
Added Pin To Net: NetName=GND Pin=Tp20-1
Added Pin To Net: NetName=USART1_TX Pin=Tp21-1
Added Pin To Net: NetName=USART1_RX Pin=Tp22-1
Added Pin To Net: NetName=RESET Pin=Tp23-1
Added Pin To Net: NetName=USART1_CTS Pin=Tp24-1
Added Pin To Net: NetName=SWCLK/BOOT0 Pin=Tp25-1
Added Pin To Net: NetName=USART1_RTS Pin=Tp26-1
Added Pin To Net: NetName=3.3V Pin=Tp27-1
Added Pin To Net: NetName=SWDIO Pin=Tp28-1
Added Pin To Net: NetName=SWCLK/BOOT0 Pin=Tp29-1
Added Pin To Net: NetName=OSC32_OUT Pin=Tp30-1
Added Pin To Net: NetName=OSC32_IN Pin=Tp31-1
Added Pin To Net: NetName=OSC_OUT Pin=Tp32-1
Added Pin To Net: NetName=OSC_IN Pin=Tp33-1
Added Pin To Net: NetName=NetQ10_2 Pin=Tp34-1
Added Pin To Net: NetName=GND Pin=Tp35-1
Added Pin To Net: NetName=12C1_SDA Pin=Tp36-1
Added Pin To Net: NetName=12C1_SCL Pin=Tp37-1
Added Pin To Net: NetName=NetTp16_1 Pin=Tp16-1
Added Pin To Net: NetName=NetTp16_1 Pin=U1-10
Added Net: Name=NetTp16_1
Added Pin To Net: NetName=NetTp17_1 Pin=Tp17-1
Added Pin To Net: NetName=NetTp17_1 Pin=U1-9
Added Net: Name=NetTp17_1
