Change Component Designator: Old Designator=C? New Designator=C39
Change Component Designator: Old Designator=C? New Designator=C40
Change Component Designator: Old Designator=C? New Designator=C41
Change Component Designator: Old Designator=C? New Designator=C42
Change Component Designator: Old Designator=C? New Designator=C43
Change Component Designator: Old Designator=C? New Designator=C44
Change Component Designator: Old Designator=C? New Designator=C45
Change Component Designator: Old Designator=C? New Designator=C46
Change Component Designator: Old Designator=D? New Designator=D3
Change Component Designator: Old Designator=D? New Designator=D4
Change Component Designator: Old Designator=D? New Designator=D5
Change Component Designator: Old Designator=D? New Designator=D6
Change Component Designator: Old Designator=D? New Designator=D7
Change Component Designator: Old Designator=D? New Designator=D8
Change Component Designator: Old Designator=D? New Designator=D9
Change Component Designator: Old Designator=D? New Designator=D10
Change Component Designator: Old Designator=Q? New Designator=Q10
Change Component Designator: Old Designator=R? New Designator=R36
Change Component Designator: Old Designator=R? New Designator=R37
Change Component Designator: Old Designator=R? New Designator=R38
Change Component Designator: Old Designator=R? New Designator=R39
Change Component Designator: Old Designator=R? New Designator=R40
Change Component Designator: Old Designator=R? New Designator=R41
Change Component Designator: Old Designator=R? New Designator=R42
Change Component Designator: Old Designator=R? New Designator=R43
Change Component Designator: Old Designator=R? New Designator=R44
Change Component Designator: Old Designator=R? New Designator=R45
Change Component Designator: Old Designator=R? New Designator=R46
Change Component Designator: Old Designator=R? New Designator=R47
Change Component Designator: Old Designator=R? New Designator=R48
Change Component Designator: Old Designator=R? New Designator=R49
Change Component Designator: Old Designator=R? New Designator=R50
Change Component Designator: Old Designator=R? New Designator=R51
Change Component Designator: Old Designator=R? New Designator=R52
Change Component Designator: Old Designator=R? New Designator=R53
Change Component Designator: Old Designator=R? New Designator=R54
Change Component Designator: Old Designator=R? New Designator=R55
Change Component Designator: Old Designator=R? New Designator=R56
Change Component Designator: Old Designator=R? New Designator=R57
Change Component Designator: Old Designator=Tp? New Designator=Tp20
Change Component Designator: Old Designator=Tp? New Designator=Tp21
Change Component Designator: Old Designator=Tp? New Designator=Tp22
Change Component Designator: Old Designator=Tp? New Designator=Tp23
Change Component Designator: Old Designator=Tp? New Designator=Tp24
Change Component Designator: Old Designator=Tp? New Designator=Tp25
Change Component Designator: Old Designator=Tp? New Designator=Tp26
Change Component Designator: Old Designator=Tp? New Designator=Tp27
Change Component Designator: Old Designator=Tp? New Designator=Tp28
Change Component Designator: Old Designator=Tp? New Designator=Tp29
Change Component Designator: Old Designator=Tp? New Designator=Tp30
Change Component Designator: Old Designator=Tp? New Designator=Tp31
Change Component Designator: Old Designator=Tp? New Designator=Tp32
Change Component Designator: Old Designator=Tp? New Designator=Tp33
Change Component Designator: Old Designator=Tp? New Designator=Tp34
Change Component Designator: Old Designator=Tp? New Designator=Tp35
Change Component Designator: Old Designator=Tp? New Designator=Tp36
Change Component Designator: Old Designator=Tp? New Designator=Tp37
Change Component Designator: Old Designator=U? New Designator=U3
